Flow report for PBL1
Fri Oct 17 11:14:36 2025
Quartus Prime Version 23.1std.0 Build 991 11/28/2023 SC Lite Edition


---------------------
; Table of Contents ;
---------------------
  1. Legal Notice
  2. Flow Summary
  3. Flow Settings
  4. Flow Non-Default Global Settings
  5. Flow Elapsed Time
  6. Flow OS Summary
  7. Flow Log
  8. Flow Messages
  9. Flow Suppressed Messages



----------------
; Legal Notice ;
----------------
Copyright (C) 2023  Intel Corporation. All rights reserved.
Your use of Intel Corporation's design tools, logic functions 
and other software and tools, and any partner logic 
functions, and any output files from any of the foregoing 
(including device programming or simulation files), and any 
associated documentation or information are expressly subject 
to the terms and conditions of the Intel Program License 
Subscription Agreement, the Intel Quartus Prime License Agreement,
the Intel FPGA IP License Agreement, or other applicable license
agreement, including, without limitation, that your use is for
the sole purpose of programming logic devices manufactured by
Intel and sold by Intel or its authorized distributors.  Please
refer to the applicable agreement for further details, at
https://fpgasoftware.intel.com/eula.



+-------------------------------------------------------------------------------------+
; Flow Summary                                                                        ;
+------------------------------------+------------------------------------------------+
; Flow Status                        ; Successful - Fri Oct 17 11:14:36 2025          ;
; Quartus Prime Version              ; 23.1std.0 Build 991 11/28/2023 SC Lite Edition ;
; Revision Name                      ; PBL1                                           ;
; Top-level Entity Name              ; calculadora_rpn_completa                       ;
; Family                             ; MAX 10                                         ;
; Device                             ; 10M50DCF484C7G                                 ;
; Timing Models                      ; Final                                          ;
; Total logic elements               ; 463 / 49,760 ( < 1 % )                         ;
;     Total combinational functions  ; 451 / 49,760 ( < 1 % )                         ;
;     Dedicated logic registers      ; 22 / 49,760 ( < 1 % )                          ;
; Total registers                    ; 22                                             ;
; Total pins                         ; 51 / 360 ( 14 % )                              ;
; Total virtual pins                 ; 0                                              ;
; Total memory bits                  ; 0 / 1,677,312 ( 0 % )                          ;
; Embedded Multiplier 9-bit elements ; 0 / 288 ( 0 % )                                ;
; Total PLLs                         ; 0 / 4 ( 0 % )                                  ;
; UFM blocks                         ; 0 / 1 ( 0 % )                                  ;
; ADC blocks                         ; 0                                              ;
+------------------------------------+------------------------------------------------+


+-----------------------------------------+
; Flow Settings                           ;
+-------------------+---------------------+
; Option            ; Setting             ;
+-------------------+---------------------+
; Start date & time ; 10/17/2025 11:14:18 ;
; Main task         ; Compilation         ;
; Revision Name     ; PBL1                ;
+-------------------+---------------------+


+-------------------------------------------------------------------------------------------------------------------------------------------------------------+
; Flow Non-Default Global Settings                                                                                                                            ;
+-------------------------------------+----------------------------------------+---------------+--------------------------+-----------------------------------+
; Assignment Name                     ; Value                                  ; Default Value ; Entity Name              ; Section Id                        ;
+-------------------------------------+----------------------------------------+---------------+--------------------------+-----------------------------------+
; COMPILER_SIGNATURE_ID               ; 176914186449612.176071045802347        ; --            ; --                       ; --                                ;
; EDA_GENERATE_FUNCTIONAL_NETLIST     ; Off                                    ; --            ; --                       ; eda_board_design_timing           ;
; EDA_GENERATE_FUNCTIONAL_NETLIST     ; Off                                    ; --            ; --                       ; eda_board_design_boundary_scan    ;
; EDA_GENERATE_FUNCTIONAL_NETLIST     ; Off                                    ; --            ; --                       ; eda_board_design_signal_integrity ;
; EDA_GENERATE_FUNCTIONAL_NETLIST     ; Off                                    ; --            ; --                       ; eda_board_design_symbol           ;
; EDA_OUTPUT_DATA_FORMAT              ; Verilog Hdl                            ; --            ; --                       ; eda_simulation                    ;
; EDA_SIMULATION_TOOL                 ; Questa Intel FPGA (Verilog)            ; <None>        ; --                       ; --                                ;
; EDA_TIME_SCALE                      ; 1 ps                                   ; --            ; --                       ; eda_simulation                    ;
; MAX_CORE_JUNCTION_TEMP              ; 85                                     ; --            ; --                       ; --                                ;
; MIN_CORE_JUNCTION_TEMP              ; 0                                      ; --            ; --                       ; --                                ;
; PARTITION_COLOR                     ; -- (Not supported for targeted family) ; --            ; calculadora_rpn_completa ; Top                               ;
; PARTITION_FITTER_PRESERVATION_LEVEL ; -- (Not supported for targeted family) ; --            ; calculadora_rpn_completa ; Top                               ;
; PARTITION_NETLIST_TYPE              ; -- (Not supported for targeted family) ; --            ; calculadora_rpn_completa ; Top                               ;
; PROJECT_OUTPUT_DIRECTORY            ; output_files                           ; --            ; --                       ; --                                ;
; TOP_LEVEL_ENTITY                    ; calculadora_rpn_completa               ; PBL1          ; --                       ; --                                ;
+-------------------------------------+----------------------------------------+---------------+--------------------------+-----------------------------------+


+--------------------------------------------------------------------------------------------------------------------------+
; Flow Elapsed Time                                                                                                        ;
+----------------------+--------------+-------------------------+---------------------+------------------------------------+
; Module Name          ; Elapsed Time ; Average Processors Used ; Peak Virtual Memory ; Total CPU Time (on all processors) ;
+----------------------+--------------+-------------------------+---------------------+------------------------------------+
; Analysis & Synthesis ; 00:00:06     ; 1.0                     ; 464 MB              ; 00:00:15                           ;
; Fitter               ; 00:00:05     ; 1.2                     ; 1888 MB             ; 00:00:09                           ;
; Assembler            ; 00:00:02     ; 1.0                     ; 371 MB              ; 00:00:01                           ;
; Timing Analyzer      ; 00:00:01     ; 1.4                     ; 628 MB              ; 00:00:02                           ;
; EDA Netlist Writer   ; 00:00:00     ; 1.0                     ; 583 MB              ; 00:00:00                           ;
; Total                ; 00:00:14     ; --                      ; --                  ; 00:00:27                           ;
+----------------------+--------------+-------------------------+---------------------+------------------------------------+


+----------------------------------------------------------------------------------------+
; Flow OS Summary                                                                        ;
+----------------------+------------------+----------------+------------+----------------+
; Module Name          ; Machine Hostname ; OS Name        ; OS Version ; Processor type ;
+----------------------+------------------+----------------+------------+----------------+
; Analysis & Synthesis ; LEDS-54158       ; Ubuntu 24.04.2 ; 24         ; x86_64         ;
; Fitter               ; LEDS-54158       ; Ubuntu 24.04.2 ; 24         ; x86_64         ;
; Assembler            ; LEDS-54158       ; Ubuntu 24.04.2 ; 24         ; x86_64         ;
; Timing Analyzer      ; LEDS-54158       ; Ubuntu 24.04.2 ; 24         ; x86_64         ;
; EDA Netlist Writer   ; LEDS-54158       ; Ubuntu 24.04.2 ; 24         ; x86_64         ;
+----------------------+------------------+----------------+------------+----------------+


------------
; Flow Log ;
------------
quartus_map --read_settings_files=on --write_settings_files=off PBL1 -c PBL1
quartus_fit --read_settings_files=off --write_settings_files=off PBL1 -c PBL1
quartus_asm --read_settings_files=off --write_settings_files=off PBL1 -c PBL1
quartus_sta PBL1 -c PBL1
quartus_eda --read_settings_files=off --write_settings_files=off PBL1 -c PBL1



